  DubleConnList.cpp
  Zadanie1.cpp
C:\Users\denis\source\repos\template-Zadanie1\Zadanie1\DubleConnList.h(12,3): error C2664: "void DubleConnList<char>::add(const T &)": невозможно преобразовать аргумент 1 из "T" в "const T &"
          with
          [
              T=char
          ]
          and
          [
              T=DubleConnList<int>
          ]
          and
          [
              T=char
          ]
C:\Users\denis\source\repos\template-Zadanie1\Zadanie1\DubleConnList.h(12,7): message : Причина: невозможно преобразовать "T" в "const T"
          with
          [
              T=DubleConnList<int>
          ]
          and
          [
              T=char
          ]
C:\Users\denis\source\repos\template-Zadanie1\Zadanie1\DubleConnList.h(12,7): message : Для выполнения данного преобразования нет доступного оператора преобразования, определенного пользователем, или вызов оператора невозможен
C:\Users\denis\source\repos\template-Zadanie1\Zadanie1\DubleConnList.h(29,7): message : см. объявление "DubleConnList<char>::add"
C:\Users\denis\source\repos\template-Zadanie1\Zadanie1\DubleConnList.h(12,3): message : при попытке сопоставить список аргументов "(T)"
          with
          [
              T=DubleConnList<int>
          ]
C:\Users\denis\source\repos\template-Zadanie1\Zadanie1\Zadanie1.cpp(41,14): message : выполняется компиляция ссылки на экземпляр шаблон функции "DubleConnList<char>::DubleConnList<DubleConnList<int>>(T)"
          with
          [
              T=DubleConnList<int>
          ]
C:\Users\denis\source\repos\template-Zadanie1\Zadanie1\Zadanie1.cpp(41,8): message : выполняется компиляция ссылки на экземпляр шаблон функции "DubleConnList<char>::DubleConnList<DubleConnList<int>>(T)"
          with
          [
              T=DubleConnList<int>
          ]
  Создание кода...
